2020-07-27 14:28:41,013 [restartedMain] INFO  [com.zhitengda.Application] StartupInfoLogger.java:50 - Starting Application on PV-9 with PID 12584 (E:\idea-work\imwj\WXServer\target\classes started by Administrator in E:\idea-work\imwj\WXServer)
2020-07-27 14:28:41,013 [restartedMain] INFO  [com.zhitengda.Application] SpringApplication.java:652 - The following profiles are active: prod
2020-07-27 14:28:41,060 [restartedMain] INFO  [o.s.b.d.env.DevToolsPropertyDefaultsPostProcessor] DeferredLog.java:225 - Devtools property defaults active! Set 'spring.devtools.add-properties' to 'false' to disable
2020-07-27 14:28:41,060 [restartedMain] INFO  [o.s.b.d.env.DevToolsPropertyDefaultsPostProcessor] DeferredLog.java:225 - For additional web related logging consider setting the 'logging.level.web' property to 'DEBUG'
2020-07-27 14:28:41,701 [restartedMain] WARN  [org.mybatis.spring.mapper.ClassPathMapperScanner] Logger.java:44 - No MyBatis mapper was found in '[com.zhitengda]' package. Please check your configuration.
2020-07-27 14:28:42,404 [restartedMain] INFO  [o.s.boot.web.embedded.tomcat.TomcatWebServer] TomcatWebServer.java:90 - Tomcat initialized with port(s): 8082 (http)
2020-07-27 14:28:42,419 [restartedMain] INFO  [org.apache.catalina.core.StandardService] DirectJDKLog.java:173 - Starting service [Tomcat]
2020-07-27 14:28:42,419 [restartedMain] INFO  [org.apache.catalina.core.StandardEngine] DirectJDKLog.java:173 - Starting Servlet engine: [Apache Tomcat/9.0.36]
2020-07-27 14:28:42,560 [restartedMain] INFO  [o.a.c.c.C.[Tomcat].[localhost].[/WXServer]] DirectJDKLog.java:173 - Initializing Spring embedded WebApplicationContext
2020-07-27 14:28:42,560 [restartedMain] INFO  [org.springframework.web.context.ContextLoader] ServletWebServerApplicationContext.java:284 - Root WebApplicationContext: initialization completed in 1500 ms
2020-07-27 14:28:42,763 [restartedMain] INFO  [c.a.d.s.b.a.DruidDataSourceAutoConfigure] DruidDataSourceAutoConfigure.java:56 - Init DruidDataSource
2020-07-27 14:28:42,872 [restartedMain] WARN  [com.alibaba.druid.pool.DruidAbstractDataSource] DruidAbstractDataSource.java:1176 - oracle.jdbc.driver.OracleDriver is deprecated.Having use oracle.jdbc.OracleDriver.
2020-07-27 14:28:42,950 [restartedMain] INFO  [com.alibaba.druid.pool.DruidDataSource] DruidDataSource.java:930 - {dataSource-1} inited
2020-07-27 14:28:42,950 [restartedMain] WARN  [o.s.b.w.s.c.AnnotationConfigServletWebServerApplicationContext] AbstractApplicationContext.java:558 - Exception encountered during context initialization - cancelling refresh attempt: org.springframework.beans.factory.UnsatisfiedDependencyException: Error creating bean with name 'userController': Unsatisfied dependency expressed through field 'userService'; nested exception is org.springframework.beans.factory.UnsatisfiedDependencyException: Error creating bean with name 'userServiceImpl': Unsatisfied dependency expressed through field 'userMapper'; nested exception is org.springframework.beans.factory.UnsatisfiedDependencyException: Error creating bean with name 'userMapper' defined in file [E:\idea-work\imwj\WXServer\target\classes\com\zhitengda\mapper\UserMapper.class]: Unsatisfied dependency expressed through bean property 'sqlSessionFactory'; nested exception is org.springframework.beans.factory.UnsatisfiedDependencyException: Error creating bean with name 'sqlSessionFactory' defined in class path resource [com/baomidou/mybatisplus/autoconfigure/MybatisPlusAutoConfiguration.class]: Unsatisfied dependency expressed through method 'sqlSessionFactory' parameter 0; nested exception is org.springframework.beans.factory.BeanCreationException: Error creating bean with name 'dataSource' defined in class path resource [com/alibaba/druid/spring/boot/autoconfigure/DruidDataSourceAutoConfigure.class]: Invocation of init method failed; nested exception is java.sql.SQLRecoverableException: IO 错误: Invalid connection string format, a valid format is: "host:port:sid" 
2020-07-27 14:28:42,950 [restartedMain] INFO  [org.apache.catalina.core.StandardService] DirectJDKLog.java:173 - Stopping service [Tomcat]
2020-07-27 14:28:42,966 [restartedMain] INFO  [o.s.b.a.l.ConditionEvaluationReportLoggingListener] ConditionEvaluationReportLoggingListener.java:136 - 

Error starting ApplicationContext. To display the conditions report re-run your application with 'debug' enabled.
2020-07-27 14:31:43,990 [restartedMain] INFO  [com.zhitengda.Application] StartupInfoLogger.java:50 - Starting Application on PV-9 with PID 728 (E:\idea-work\imwj\WXServer\target\classes started by Administrator in E:\idea-work\imwj\WXServer)
2020-07-27 14:31:43,994 [restartedMain] INFO  [com.zhitengda.Application] SpringApplication.java:652 - The following profiles are active: prod
2020-07-27 14:31:44,085 [restartedMain] INFO  [o.s.b.d.env.DevToolsPropertyDefaultsPostProcessor] DeferredLog.java:225 - Devtools property defaults active! Set 'spring.devtools.add-properties' to 'false' to disable
2020-07-27 14:31:44,085 [restartedMain] INFO  [o.s.b.d.env.DevToolsPropertyDefaultsPostProcessor] DeferredLog.java:225 - For additional web related logging consider setting the 'logging.level.web' property to 'DEBUG'
2020-07-27 14:31:44,604 [restartedMain] WARN  [org.mybatis.spring.mapper.ClassPathMapperScanner] Logger.java:44 - No MyBatis mapper was found in '[com.zhitengda]' package. Please check your configuration.
2020-07-27 14:31:45,282 [restartedMain] INFO  [o.s.boot.web.embedded.tomcat.TomcatWebServer] TomcatWebServer.java:90 - Tomcat initialized with port(s): 8082 (http)
2020-07-27 14:31:45,304 [restartedMain] INFO  [org.apache.catalina.core.StandardService] DirectJDKLog.java:173 - Starting service [Tomcat]
2020-07-27 14:31:45,304 [restartedMain] INFO  [org.apache.catalina.core.StandardEngine] DirectJDKLog.java:173 - Starting Servlet engine: [Apache Tomcat/9.0.36]
2020-07-27 14:31:45,432 [restartedMain] INFO  [o.a.c.c.C.[Tomcat].[localhost].[/WXServer]] DirectJDKLog.java:173 - Initializing Spring embedded WebApplicationContext
2020-07-27 14:31:45,432 [restartedMain] INFO  [org.springframework.web.context.ContextLoader] ServletWebServerApplicationContext.java:284 - Root WebApplicationContext: initialization completed in 1347 ms
2020-07-27 14:31:45,613 [restartedMain] INFO  [c.a.d.s.b.a.DruidDataSourceAutoConfigure] DruidDataSourceAutoConfigure.java:56 - Init DruidDataSource
2020-07-27 14:31:45,737 [restartedMain] WARN  [com.alibaba.druid.pool.DruidAbstractDataSource] DruidAbstractDataSource.java:1176 - oracle.jdbc.driver.OracleDriver is deprecated.Having use oracle.jdbc.OracleDriver.
2020-07-27 14:31:48,529 [restartedMain] INFO  [com.alibaba.druid.pool.DruidDataSource] DruidDataSource.java:930 - {dataSource-1} inited
2020-07-27 14:31:48,692 [restartedMain] WARN  [c.b.mybatisplus.core.metadata.TableInfoHelper] TableInfoHelper.java:301 - Can not find table primary key in Class: "com.zhitengda.entity.User".
2020-07-27 14:31:48,956 [restartedMain] INFO  [o.s.scheduling.concurrent.ThreadPoolTaskExecutor] ExecutorConfigurationSupport.java:171 - Initializing ExecutorService 'applicationTaskExecutor'
2020-07-27 14:31:49,225 [restartedMain] INFO  [o.s.b.d.autoconfigure.OptionalLiveReloadServer] OptionalLiveReloadServer.java:57 - LiveReload server is running on port 35729
2020-07-27 14:31:49,269 [restartedMain] INFO  [o.s.boot.web.embedded.tomcat.TomcatWebServer] TomcatWebServer.java:202 - Tomcat started on port(s): 8082 (http) with context path '/WXServer'
2020-07-27 14:31:49,272 [restartedMain] INFO  [com.zhitengda.Application] StartupInfoLogger.java:59 - Started Application in 5.757 seconds (JVM running for 6.38)
2020-07-27 14:31:49,274 [restartedMain] INFO  [com.zhitengda.Application] Application.java:20 - =====================Spring Boot Application 启动成功====================
2020-07-27 14:54:21,856 [Thread-20] INFO  [o.s.scheduling.concurrent.ThreadPoolTaskExecutor] ExecutorConfigurationSupport.java:208 - Shutting down ExecutorService 'applicationTaskExecutor'
2020-07-27 14:54:22,234 [Thread-20] INFO  [com.alibaba.druid.pool.DruidDataSource] DruidDataSource.java:1825 - {dataSource-1} closed
